-------------------------------------------------------------------------------
Test set: tests.ProfileTest
-------------------------------------------------------------------------------
Tests run: 38, Failures: 0, Errors: 2, Skipped: 0, Time elapsed: 212.3 s <<< FAILURE! -- in tests.ProfileTest
tests.ProfileTest.test_ed_006_verify_email_field_editable -- Time elapsed: 32.66 s <<< ERROR!
com.microsoft.playwright.TimeoutError: 
Error {
  message='Timeout 30000ms exceeded.
  name='TimeoutError
  stack='TimeoutError: Timeout 30000ms exceeded.
    at ProgressController.run (C:\Users\Thyaa\AppData\Local\Temp\playwright-java-13727974661427854983\package\lib\server\progress.js:78:26)
    at Frame.fill (C:\Users\Thyaa\AppData\Local\Temp\playwright-java-13727974661427854983\package\lib\server\frames.js:1052:23)
    at FrameDispatcher.fill (C:\Users\Thyaa\AppData\Local\Temp\playwright-java-13727974661427854983\package\lib\server\dispatchers\frameDispatcher.js:170:30)
    at FrameDispatcher._handleCommand (C:\Users\Thyaa\AppData\Local\Temp\playwright-java-13727974661427854983\package\lib\server\dispatchers\dispatcher.js:94:40)
    at DispatcherConnection.dispatch (C:\Users\Thyaa\AppData\Local\Temp\playwright-java-13727974661427854983\package\lib\server\dispatchers\dispatcher.js:361:39)
}
Call log:
- waiting for locator("//input[@id='email']")
-   locator resolved to <input disabled id="email" name="email" type="email" ar…/>
-   fill("test.edit@example.com")
- attempting fill action
-   waiting for element to be visible, enabled and editable
-   element is not enabled
- retrying fill action, attempt #1
-   waiting for element to be visible, enabled and editable
-   element is not enabled
- retrying fill action, attempt #2
-   waiting 20ms
-   waiting for element to be visible, enabled and editable
-   element is not enabled
- retrying fill action, attempt #3
-   waiting 100ms
-   waiting for element to be visible, enabled and editable
-   element is not enabled
- retrying fill action, attempt #4
-   waiting 100ms
-   waiting for element to be visible, enabled and editable
-   element is not enabled
- retrying fill action, attempt #5
-   waiting 500ms
-   waiting for element to be visible, enabled and editable
-   element is not enabled
- retrying fill action, attempt #6
-   waiting 500ms
-   waiting for element to be visible, enabled and editable
-   element is not enabled
- retrying fill action, attempt #7
-   waiting 500ms
-   waiting for element to be visible, enabled and editable
-   element is not enabled
- retrying fill action, attempt #8
-   waiting 500ms
-   waiting for element to be visible, enabled and editable
-   element is not enabled
- retrying fill action, attempt #9
-   waiting 500ms
-   waiting for element to be visible, enabled and editable
-   element is not enabled
- retrying fill action, attempt #10
-   waiting 500ms
-   waiting for element to be visible, enabled and editable
-   element is not enabled
- retrying fill action, attempt #11
-   waiting 500ms
-   waiting for element to be visible, enabled and editable
-   element is not enabled
- retrying fill action, attempt #12
-   waiting 500ms
-   waiting for element to be visible, enabled and editable
-   element is not enabled
- retrying fill action, attempt #13
-   waiting 500ms
-   waiting for element to be visible, enabled and editable
-   element is not enabled
- retrying fill action, attempt #14
-   waiting 500ms
-   waiting for element to be visible, enabled and editable
-   element is not enabled
- retrying fill action, attempt #15
-   waiting 500ms
-   waiting for element to be visible, enabled and editable
-   element is not enabled
- retrying fill action, attempt #16
-   waiting 500ms
-   waiting for element to be visible, enabled and editable
-   element is not enabled
- retrying fill action, attempt #17
-   waiting 500ms
-   waiting for element to be visible, enabled and editable
-   element is not enabled
- retrying fill action, attempt #18
-   waiting 500ms
-   waiting for element to be visible, enabled and editable
-   element is not enabled
- retrying fill action, attempt #19
-   waiting 500ms
-   waiting for element to be visible, enabled and editable
-   element is not enabled
- retrying fill action, attempt #20
-   waiting 500ms
-   waiting for element to be visible, enabled and editable
-   element is not enabled
- retrying fill action, attempt #21
-   waiting 500ms
-   waiting for element to be visible, enabled and editable
-   element is not enabled
- retrying fill action, attempt #22
-   waiting 500ms
-   waiting for element to be visible, enabled and editable
-   element is not enabled
- retrying fill action, attempt #23
-   waiting 500ms
-   waiting for element to be visible, enabled and editable
-   element is not enabled
- retrying fill action, attempt #24
-   waiting 500ms
-   waiting for element to be visible, enabled and editable
-   element is not enabled
- retrying fill action, attempt #25
-   waiting 500ms
-   waiting for element to be visible, enabled and editable
-   element is not enabled
- retrying fill action, attempt #26
-   waiting 500ms
-   waiting for element to be visible, enabled and editable
-   element is not enabled
- retrying fill action, attempt #27
-   waiting 500ms
-   waiting for element to be visible, enabled and editable
-   element is not enabled
- retrying fill action, attempt #28
-   waiting 500ms
-   waiting for element to be visible, enabled and editable
-   element is not enabled
- retrying fill action, attempt #29
-   waiting 500ms
-   waiting for element to be visible, enabled and editable
-   element is not enabled
- retrying fill action, attempt #30
-   waiting 500ms
-   waiting for element to be visible, enabled and editable
-   element is not enabled
- retrying fill action, attempt #31
-   waiting 500ms
-   waiting for element to be visible, enabled and editable
-   element is not enabled
- retrying fill action, attempt #32
-   waiting 500ms
-   waiting for element to be visible, enabled and editable
-   element is not enabled
- retrying fill action, attempt #33
-   waiting 500ms
-   waiting for element to be visible, enabled and editable
-   element is not enabled
- retrying fill action, attempt #34
-   waiting 500ms
-   waiting for element to be visible, enabled and editable
-   element is not enabled
- retrying fill action, attempt #35
-   waiting 500ms
-   waiting for element to be visible, enabled and editable
-   element is not enabled
- retrying fill action, attempt #36
-   waiting 500ms
-   waiting for element to be visible, enabled and editable
-   element is not enabled
- retrying fill action, attempt #37
-   waiting 500ms
-   waiting for element to be visible, enabled and editable
-   element is not enabled
- retrying fill action, attempt #38
-   waiting 500ms
-   waiting for element to be visible, enabled and editable
-   element is not enabled
- retrying fill action, attempt #39
-   waiting 500ms
-   waiting for element to be visible, enabled and editable
-   element is not enabled
- retrying fill action, attempt #40
-   waiting 500ms
-   waiting for element to be visible, enabled and editable
-   element is not enabled
- retrying fill action, attempt #41
-   waiting 500ms
-   waiting for element to be visible, enabled and editable
-   element is not enabled
- retrying fill action, attempt #42
-   waiting 500ms
-   waiting for element to be visible, enabled and editable
-   element is not enabled
- retrying fill action, attempt #43
-   waiting 500ms
-   waiting for element to be visible, enabled and editable
-   element is not enabled
- retrying fill action, attempt #44
-   waiting 500ms
-   waiting for element to be visible, enabled and editable
-   element is not enabled
- retrying fill action, attempt #45
-   waiting 500ms
-   waiting for element to be visible, enabled and editable
-   element is not enabled
- retrying fill action, attempt #46
-   waiting 500ms
-   waiting for element to be visible, enabled and editable
-   element is not enabled
- retrying fill action, attempt #47
-   waiting 500ms
-   waiting for element to be visible, enabled and editable
-   element is not enabled
- retrying fill action, attempt #48
-   waiting 500ms
-   waiting for element to be visible, enabled and editable
-   element is not enabled
- retrying fill action, attempt #49
-   waiting 500ms
-   waiting for element to be visible, enabled and editable
-   element is not enabled
- retrying fill action, attempt #50
-   waiting 500ms
-   waiting for element to be visible, enabled and editable
-   element is not enabled
- retrying fill action, attempt #51
-   waiting 500ms
-   waiting for element to be visible, enabled and editable
-   element is not enabled
- retrying fill action, attempt #52
-   waiting 500ms
-   waiting for element to be visible, enabled and editable
-   element is not enabled
- retrying fill action, attempt #53
-   waiting 500ms
-   waiting for element to be visible, enabled and editable
-   element is not enabled
- retrying fill action, attempt #54
-   waiting 500ms
-   waiting for element to be visible, enabled and editable
-   element is not enabled
- retrying fill action, attempt #55
-   waiting 500ms
-   waiting for element to be visible, enabled and editable
-   element is not enabled
- retrying fill action, attempt #56
-   waiting 500ms
-   waiting for element to be visible, enabled and editable
-   element is not enabled
- retrying fill action, attempt #57
-   waiting 500ms
-   waiting for element to be visible, enabled and editable
-   element is not enabled
- retrying fill action, attempt #58
-   waiting 500ms
-   waiting for element to be visible, enabled and editable
-   element is not enabled
- retrying fill action, attempt #59
-   waiting 500ms
-   waiting for element to be visible, enabled and editable
-   element is not enabled
- retrying fill action, attempt #60
-   waiting 500ms
-   waiting for element to be visible, enabled and editable
-   element is not enabled
- retrying fill action, attempt #61
-   waiting 500ms
-   waiting for element to be visible, enabled and editable
-   element is not enabled
- retrying fill action, attempt #62
-   waiting 500ms
-   waiting for element to be visible, enabled and editable
-   element is not enabled
- retrying fill action, attempt #63
-   waiting 500ms

	at com.microsoft.playwright.impl.WaitableResult.get(WaitableResult.java:52)
	at com.microsoft.playwright.impl.ChannelOwner.runUntil(ChannelOwner.java:120)
	at com.microsoft.playwright.impl.Connection.sendMessage(Connection.java:130)
	at com.microsoft.playwright.impl.ChannelOwner.sendMessage(ChannelOwner.java:106)
	at com.microsoft.playwright.impl.FrameImpl.fillImpl(FrameImpl.java:335)
	at com.microsoft.playwright.impl.FrameImpl.lambda$fill$14(FrameImpl.java:325)
	at com.microsoft.playwright.impl.LoggingSupport.lambda$withLogging$0(LoggingSupport.java:36)
	at com.microsoft.playwright.impl.LoggingSupport.withLogging(LoggingSupport.java:47)
	at com.microsoft.playwright.impl.ChannelOwner.withLogging(ChannelOwner.java:89)
	at com.microsoft.playwright.impl.LoggingSupport.withLogging(LoggingSupport.java:35)
	at com.microsoft.playwright.impl.FrameImpl.fill(FrameImpl.java:325)
	at com.microsoft.playwright.impl.LocatorImpl.fill(LocatorImpl.java:235)
	at com.microsoft.playwright.Locator.fill(Locator.java:3054)
	at pages.ProfilePage.enterEmail(ProfilePage.java:54)
	at tests.ProfileTest.test_ed_006_verify_email_field_editable(ProfileTest.java:125)
	at java.base/jdk.internal.reflect.DirectMethodHandleAccessor.invoke(DirectMethodHandleAccessor.java:103)
	at java.base/java.lang.reflect.Method.invoke(Method.java:580)
	at org.junit.platform.commons.util.ReflectionUtils.invokeMethod(ReflectionUtils.java:728)
	at org.junit.jupiter.engine.execution.MethodInvocation.proceed(MethodInvocation.java:60)
	at org.junit.jupiter.engine.execution.InvocationInterceptorChain$ValidatingInvocation.proceed(InvocationInterceptorChain.java:131)
	at org.junit.jupiter.engine.extension.TimeoutExtension.intercept(TimeoutExtension.java:156)
	at org.junit.jupiter.engine.extension.TimeoutExtension.interceptTestableMethod(TimeoutExtension.java:147)
	at org.junit.jupiter.engine.extension.TimeoutExtension.interceptTestMethod(TimeoutExtension.java:86)
	at org.junit.jupiter.engine.execution.InterceptingExecutableInvoker$ReflectiveInterceptorCall.lambda$ofVoidMethod$0(InterceptingExecutableInvoker.java:103)
	at org.junit.jupiter.engine.execution.InterceptingExecutableInvoker.lambda$invoke$0(InterceptingExecutableInvoker.java:93)
	at org.junit.jupiter.engine.execution.InvocationInterceptorChain$InterceptedInvocation.proceed(InvocationInterceptorChain.java:106)
	at org.junit.jupiter.engine.execution.InvocationInterceptorChain.proceed(InvocationInterceptorChain.java:64)
	at org.junit.jupiter.engine.execution.InvocationInterceptorChain.chainAndInvoke(InvocationInterceptorChain.java:45)
	at org.junit.jupiter.engine.execution.InvocationInterceptorChain.invoke(InvocationInterceptorChain.java:37)
	at org.junit.jupiter.engine.execution.InterceptingExecutableInvoker.invoke(InterceptingExecutableInvoker.java:92)
	at org.junit.jupiter.engine.execution.InterceptingExecutableInvoker.invoke(InterceptingExecutableInvoker.java:86)
	at org.junit.jupiter.engine.descriptor.TestMethodTestDescriptor.lambda$invokeTestMethod$7(TestMethodTestDescriptor.java:218)
	at org.junit.platform.engine.support.hierarchical.ThrowableCollector.execute(ThrowableCollector.java:73)
	at org.junit.jupiter.engine.descriptor.TestMethodTestDescriptor.invokeTestMethod(TestMethodTestDescriptor.java:214)
	at org.junit.jupiter.engine.descriptor.TestMethodTestDescriptor.execute(TestMethodTestDescriptor.java:139)
	at org.junit.jupiter.engine.descriptor.TestMethodTestDescriptor.execute(TestMethodTestDescriptor.java:69)
	at org.junit.platform.engine.support.hierarchical.NodeTestTask.lambda$executeRecursively$6(NodeTestTask.java:151)
	at org.junit.platform.engine.support.hierarchical.ThrowableCollector.execute(ThrowableCollector.java:73)
	at org.junit.platform.engine.support.hierarchical.NodeTestTask.lambda$executeRecursively$8(NodeTestTask.java:141)
	at org.junit.platform.engine.support.hierarchical.Node.around(Node.java:137)
	at org.junit.platform.engine.support.hierarchical.NodeTestTask.lambda$executeRecursively$9(NodeTestTask.java:139)
	at org.junit.platform.engine.support.hierarchical.ThrowableCollector.execute(ThrowableCollector.java:73)
	at org.junit.platform.engine.support.hierarchical.NodeTestTask.executeRecursively(NodeTestTask.java:138)
	at org.junit.platform.engine.support.hierarchical.NodeTestTask.execute(NodeTestTask.java:95)
	at java.base/java.util.ArrayList.forEach(ArrayList.java:1597)
	at org.junit.platform.engine.support.hierarchical.SameThreadHierarchicalTestExecutorService.invokeAll(SameThreadHierarchicalTestExecutorService.java:41)
	at org.junit.platform.engine.support.hierarchical.NodeTestTask.lambda$executeRecursively$6(NodeTestTask.java:155)
	at org.junit.platform.engine.support.hierarchical.ThrowableCollector.execute(ThrowableCollector.java:73)
	at org.junit.platform.engine.support.hierarchical.NodeTestTask.lambda$executeRecursively$8(NodeTestTask.java:141)
	at org.junit.platform.engine.support.hierarchical.Node.around(Node.java:137)
	at org.junit.platform.engine.support.hierarchical.NodeTestTask.lambda$executeRecursively$9(NodeTestTask.java:139)
	at org.junit.platform.engine.support.hierarchical.ThrowableCollector.execute(ThrowableCollector.java:73)
	at org.junit.platform.engine.support.hierarchical.NodeTestTask.executeRecursively(NodeTestTask.java:138)
	at org.junit.platform.engine.support.hierarchical.NodeTestTask.execute(NodeTestTask.java:95)
	at java.base/java.util.ArrayList.forEach(ArrayList.java:1597)
	at org.junit.platform.engine.support.hierarchical.SameThreadHierarchicalTestExecutorService.invokeAll(SameThreadHierarchicalTestExecutorService.java:41)
	at org.junit.platform.engine.support.hierarchical.NodeTestTask.lambda$executeRecursively$6(NodeTestTask.java:155)
	at org.junit.platform.engine.support.hierarchical.ThrowableCollector.execute(ThrowableCollector.java:73)
	at org.junit.platform.engine.support.hierarchical.NodeTestTask.lambda$executeRecursively$8(NodeTestTask.java:141)
	at org.junit.platform.engine.support.hierarchical.Node.around(Node.java:137)
	at org.junit.platform.engine.support.hierarchical.NodeTestTask.lambda$executeRecursively$9(NodeTestTask.java:139)
	at org.junit.platform.engine.support.hierarchical.ThrowableCollector.execute(ThrowableCollector.java:73)
	at org.junit.platform.engine.support.hierarchical.NodeTestTask.executeRecursively(NodeTestTask.java:138)
	at org.junit.platform.engine.support.hierarchical.NodeTestTask.execute(NodeTestTask.java:95)
	at org.junit.platform.engine.support.hierarchical.SameThreadHierarchicalTestExecutorService.submit(SameThreadHierarchicalTestExecutorService.java:35)
	at org.junit.platform.engine.support.hierarchical.HierarchicalTestExecutor.execute(HierarchicalTestExecutor.java:57)
	at org.junit.platform.engine.support.hierarchical.HierarchicalTestEngine.execute(HierarchicalTestEngine.java:54)
	at org.junit.platform.launcher.core.EngineExecutionOrchestrator.execute(EngineExecutionOrchestrator.java:147)
	at org.junit.platform.launcher.core.EngineExecutionOrchestrator.execute(EngineExecutionOrchestrator.java:127)
	at org.junit.platform.launcher.core.EngineExecutionOrchestrator.execute(EngineExecutionOrchestrator.java:90)
	at org.junit.platform.launcher.core.EngineExecutionOrchestrator.lambda$execute$0(EngineExecutionOrchestrator.java:55)
	at org.junit.platform.launcher.core.EngineExecutionOrchestrator.withInterceptedStreams(EngineExecutionOrchestrator.java:102)
	at org.junit.platform.launcher.core.EngineExecutionOrchestrator.execute(EngineExecutionOrchestrator.java:54)
	at org.junit.platform.launcher.core.DefaultLauncher.execute(DefaultLauncher.java:114)
	at org.junit.platform.launcher.core.DefaultLauncher.execute(DefaultLauncher.java:86)
	at org.junit.platform.launcher.core.DefaultLauncherSession$DelegatingLauncher.execute(DefaultLauncherSession.java:86)
	at org.apache.maven.surefire.junitplatform.LazyLauncher.execute(LazyLauncher.java:56)
	at org.apache.maven.surefire.junitplatform.JUnitPlatformProvider.execute(JUnitPlatformProvider.java:184)
	at org.apache.maven.surefire.junitplatform.JUnitPlatformProvider.invokeAllTests(JUnitPlatformProvider.java:148)
	at org.apache.maven.surefire.junitplatform.JUnitPlatformProvider.invoke(JUnitPlatformProvider.java:122)
	at org.apache.maven.surefire.booter.ForkedBooter.runSuitesInProcess(ForkedBooter.java:385)
	at org.apache.maven.surefire.booter.ForkedBooter.execute(ForkedBooter.java:162)
	at org.apache.maven.surefire.booter.ForkedBooter.run(ForkedBooter.java:507)
	at org.apache.maven.surefire.booter.ForkedBooter.main(ForkedBooter.java:495)
Caused by: com.microsoft.playwright.TimeoutError: Error {
  message='Timeout 30000ms exceeded.
  name='TimeoutError
  stack='TimeoutError: Timeout 30000ms exceeded.
    at ProgressController.run (C:\Users\Thyaa\AppData\Local\Temp\playwright-java-13727974661427854983\package\lib\server\progress.js:78:26)
    at Frame.fill (C:\Users\Thyaa\AppData\Local\Temp\playwright-java-13727974661427854983\package\lib\server\frames.js:1052:23)
    at FrameDispatcher.fill (C:\Users\Thyaa\AppData\Local\Temp\playwright-java-13727974661427854983\package\lib\server\dispatchers\frameDispatcher.js:170:30)
    at FrameDispatcher._handleCommand (C:\Users\Thyaa\AppData\Local\Temp\playwright-java-13727974661427854983\package\lib\server\dispatchers\dispatcher.js:94:40)
    at DispatcherConnection.dispatch (C:\Users\Thyaa\AppData\Local\Temp\playwright-java-13727974661427854983\package\lib\server\dispatchers\dispatcher.js:361:39)
}
Call log:
- waiting for locator("//input[@id='email']")
-   locator resolved to <input disabled id="email" name="email" type="email" ar…/>
-   fill("test.edit@example.com")
- attempting fill action
-   waiting for element to be visible, enabled and editable
-   element is not enabled
- retrying fill action, attempt #1
-   waiting for element to be visible, enabled and editable
-   element is not enabled
- retrying fill action, attempt #2
-   waiting 20ms
-   waiting for element to be visible, enabled and editable
-   element is not enabled
- retrying fill action, attempt #3
-   waiting 100ms
-   waiting for element to be visible, enabled and editable
-   element is not enabled
- retrying fill action, attempt #4
-   waiting 100ms
-   waiting for element to be visible, enabled and editable
-   element is not enabled
- retrying fill action, attempt #5
-   waiting 500ms
-   waiting for element to be visible, enabled and editable
-   element is not enabled
- retrying fill action, attempt #6
-   waiting 500ms
-   waiting for element to be visible, enabled and editable
-   element is not enabled
- retrying fill action, attempt #7
-   waiting 500ms
-   waiting for element to be visible, enabled and editable
-   element is not enabled
- retrying fill action, attempt #8
-   waiting 500ms
-   waiting for element to be visible, enabled and editable
-   element is not enabled
- retrying fill action, attempt #9
-   waiting 500ms
-   waiting for element to be visible, enabled and editable
-   element is not enabled
- retrying fill action, attempt #10
-   waiting 500ms
-   waiting for element to be visible, enabled and editable
-   element is not enabled
- retrying fill action, attempt #11
-   waiting 500ms
-   waiting for element to be visible, enabled and editable
-   element is not enabled
- retrying fill action, attempt #12
-   waiting 500ms
-   waiting for element to be visible, enabled and editable
-   element is not enabled
- retrying fill action, attempt #13
-   waiting 500ms
-   waiting for element to be visible, enabled and editable
-   element is not enabled
- retrying fill action, attempt #14
-   waiting 500ms
-   waiting for element to be visible, enabled and editable
-   element is not enabled
- retrying fill action, attempt #15
-   waiting 500ms
-   waiting for element to be visible, enabled and editable
-   element is not enabled
- retrying fill action, attempt #16
-   waiting 500ms
-   waiting for element to be visible, enabled and editable
-   element is not enabled
- retrying fill action, attempt #17
-   waiting 500ms
-   waiting for element to be visible, enabled and editable
-   element is not enabled
- retrying fill action, attempt #18
-   waiting 500ms
-   waiting for element to be visible, enabled and editable
-   element is not enabled
- retrying fill action, attempt #19
-   waiting 500ms
-   waiting for element to be visible, enabled and editable
-   element is not enabled
- retrying fill action, attempt #20
-   waiting 500ms
-   waiting for element to be visible, enabled and editable
-   element is not enabled
- retrying fill action, attempt #21
-   waiting 500ms
-   waiting for element to be visible, enabled and editable
-   element is not enabled
- retrying fill action, attempt #22
-   waiting 500ms
-   waiting for element to be visible, enabled and editable
-   element is not enabled
- retrying fill action, attempt #23
-   waiting 500ms
-   waiting for element to be visible, enabled and editable
-   element is not enabled
- retrying fill action, attempt #24
-   waiting 500ms
-   waiting for element to be visible, enabled and editable
-   element is not enabled
- retrying fill action, attempt #25
-   waiting 500ms
-   waiting for element to be visible, enabled and editable
-   element is not enabled
- retrying fill action, attempt #26
-   waiting 500ms
-   waiting for element to be visible, enabled and editable
-   element is not enabled
- retrying fill action, attempt #27
-   waiting 500ms
-   waiting for element to be visible, enabled and editable
-   element is not enabled
- retrying fill action, attempt #28
-   waiting 500ms
-   waiting for element to be visible, enabled and editable
-   element is not enabled
- retrying fill action, attempt #29
-   waiting 500ms
-   waiting for element to be visible, enabled and editable
-   element is not enabled
- retrying fill action, attempt #30
-   waiting 500ms
-   waiting for element to be visible, enabled and editable
-   element is not enabled
- retrying fill action, attempt #31
-   waiting 500ms
-   waiting for element to be visible, enabled and editable
-   element is not enabled
- retrying fill action, attempt #32
-   waiting 500ms
-   waiting for element to be visible, enabled and editable
-   element is not enabled
- retrying fill action, attempt #33
-   waiting 500ms
-   waiting for element to be visible, enabled and editable
-   element is not enabled
- retrying fill action, attempt #34
-   waiting 500ms
-   waiting for element to be visible, enabled and editable
-   element is not enabled
- retrying fill action, attempt #35
-   waiting 500ms
-   waiting for element to be visible, enabled and editable
-   element is not enabled
- retrying fill action, attempt #36
-   waiting 500ms
-   waiting for element to be visible, enabled and editable
-   element is not enabled
- retrying fill action, attempt #37
-   waiting 500ms
-   waiting for element to be visible, enabled and editable
-   element is not enabled
- retrying fill action, attempt #38
-   waiting 500ms
-   waiting for element to be visible, enabled and editable
-   element is not enabled
- retrying fill action, attempt #39
-   waiting 500ms
-   waiting for element to be visible, enabled and editable
-   element is not enabled
- retrying fill action, attempt #40
-   waiting 500ms
-   waiting for element to be visible, enabled and editable
-   element is not enabled
- retrying fill action, attempt #41
-   waiting 500ms
-   waiting for element to be visible, enabled and editable
-   element is not enabled
- retrying fill action, attempt #42
-   waiting 500ms
-   waiting for element to be visible, enabled and editable
-   element is not enabled
- retrying fill action, attempt #43
-   waiting 500ms
-   waiting for element to be visible, enabled and editable
-   element is not enabled
- retrying fill action, attempt #44
-   waiting 500ms
-   waiting for element to be visible, enabled and editable
-   element is not enabled
- retrying fill action, attempt #45
-   waiting 500ms
-   waiting for element to be visible, enabled and editable
-   element is not enabled
- retrying fill action, attempt #46
-   waiting 500ms
-   waiting for element to be visible, enabled and editable
-   element is not enabled
- retrying fill action, attempt #47
-   waiting 500ms
-   waiting for element to be visible, enabled and editable
-   element is not enabled
- retrying fill action, attempt #48
-   waiting 500ms
-   waiting for element to be visible, enabled and editable
-   element is not enabled
- retrying fill action, attempt #49
-   waiting 500ms
-   waiting for element to be visible, enabled and editable
-   element is not enabled
- retrying fill action, attempt #50
-   waiting 500ms
-   waiting for element to be visible, enabled and editable
-   element is not enabled
- retrying fill action, attempt #51
-   waiting 500ms
-   waiting for element to be visible, enabled and editable
-   element is not enabled
- retrying fill action, attempt #52
-   waiting 500ms
-   waiting for element to be visible, enabled and editable
-   element is not enabled
- retrying fill action, attempt #53
-   waiting 500ms
-   waiting for element to be visible, enabled and editable
-   element is not enabled
- retrying fill action, attempt #54
-   waiting 500ms
-   waiting for element to be visible, enabled and editable
-   element is not enabled
- retrying fill action, attempt #55
-   waiting 500ms
-   waiting for element to be visible, enabled and editable
-   element is not enabled
- retrying fill action, attempt #56
-   waiting 500ms
-   waiting for element to be visible, enabled and editable
-   element is not enabled
- retrying fill action, attempt #57
-   waiting 500ms
-   waiting for element to be visible, enabled and editable
-   element is not enabled
- retrying fill action, attempt #58
-   waiting 500ms
-   waiting for element to be visible, enabled and editable
-   element is not enabled
- retrying fill action, attempt #59
-   waiting 500ms
-   waiting for element to be visible, enabled and editable
-   element is not enabled
- retrying fill action, attempt #60
-   waiting 500ms
-   waiting for element to be visible, enabled and editable
-   element is not enabled
- retrying fill action, attempt #61
-   waiting 500ms
-   waiting for element to be visible, enabled and editable
-   element is not enabled
- retrying fill action, attempt #62
-   waiting 500ms
-   waiting for element to be visible, enabled and editable
-   element is not enabled
- retrying fill action, attempt #63
-   waiting 500ms

	at com.microsoft.playwright.impl.Connection.dispatch(Connection.java:254)
	at com.microsoft.playwright.impl.Connection.processOneMessage(Connection.java:211)
	at com.microsoft.playwright.impl.ChannelOwner.runUntil(ChannelOwner.java:118)
	... 82 more

tests.ProfileTest.test_ed_018_verify_email_field_accepts_format -- Time elapsed: 32.98 s <<< ERROR!
com.microsoft.playwright.TimeoutError: 
Error {
  message='Timeout 30000ms exceeded.
  name='TimeoutError
  stack='TimeoutError: Timeout 30000ms exceeded.
    at ProgressController.run (C:\Users\Thyaa\AppData\Local\Temp\playwright-java-13727974661427854983\package\lib\server\progress.js:78:26)
    at Frame.fill (C:\Users\Thyaa\AppData\Local\Temp\playwright-java-13727974661427854983\package\lib\server\frames.js:1052:23)
    at FrameDispatcher.fill (C:\Users\Thyaa\AppData\Local\Temp\playwright-java-13727974661427854983\package\lib\server\dispatchers\frameDispatcher.js:170:30)
    at FrameDispatcher._handleCommand (C:\Users\Thyaa\AppData\Local\Temp\playwright-java-13727974661427854983\package\lib\server\dispatchers\dispatcher.js:94:40)
    at DispatcherConnection.dispatch (C:\Users\Thyaa\AppData\Local\Temp\playwright-java-13727974661427854983\package\lib\server\dispatchers\dispatcher.js:361:39)
}
Call log:
- waiting for locator("//input[@id='email']")
-   locator resolved to <input disabled id="email" name="email" type="email" ar…/>
-   fill("test.user.123@example.co.uk")
- attempting fill action
-   waiting for element to be visible, enabled and editable
-   element is not enabled
- retrying fill action, attempt #1
-   waiting for element to be visible, enabled and editable
-   element is not enabled
- retrying fill action, attempt #2
-   waiting 20ms
-   waiting for element to be visible, enabled and editable
-   element is not enabled
- retrying fill action, attempt #3
-   waiting 100ms
-   waiting for element to be visible, enabled and editable
-   element is not enabled
- retrying fill action, attempt #4
-   waiting 100ms
-   waiting for element to be visible, enabled and editable
-   element is not enabled
- retrying fill action, attempt #5
-   waiting 500ms
-   waiting for element to be visible, enabled and editable
-   element is not enabled
- retrying fill action, attempt #6
-   waiting 500ms
-   waiting for element to be visible, enabled and editable
-   element is not enabled
- retrying fill action, attempt #7
-   waiting 500ms
-   waiting for element to be visible, enabled and editable
-   element is not enabled
- retrying fill action, attempt #8
-   waiting 500ms
-   waiting for element to be visible, enabled and editable
-   element is not enabled
- retrying fill action, attempt #9
-   waiting 500ms
-   waiting for element to be visible, enabled and editable
-   element is not enabled
- retrying fill action, attempt #10
-   waiting 500ms
-   waiting for element to be visible, enabled and editable
-   element is not enabled
- retrying fill action, attempt #11
-   waiting 500ms
-   waiting for element to be visible, enabled and editable
-   element is not enabled
- retrying fill action, attempt #12
-   waiting 500ms
-   waiting for element to be visible, enabled and editable
-   element is not enabled
- retrying fill action, attempt #13
-   waiting 500ms
-   waiting for element to be visible, enabled and editable
-   element is not enabled
- retrying fill action, attempt #14
-   waiting 500ms
-   waiting for element to be visible, enabled and editable
-   element is not enabled
- retrying fill action, attempt #15
-   waiting 500ms
-   waiting for element to be visible, enabled and editable
-   element is not enabled
- retrying fill action, attempt #16
-   waiting 500ms
-   waiting for element to be visible, enabled and editable
-   element is not enabled
- retrying fill action, attempt #17
-   waiting 500ms
-   waiting for element to be visible, enabled and editable
-   element is not enabled
- retrying fill action, attempt #18
-   waiting 500ms
-   waiting for element to be visible, enabled and editable
-   element is not enabled
- retrying fill action, attempt #19
-   waiting 500ms
-   waiting for element to be visible, enabled and editable
-   element is not enabled
- retrying fill action, attempt #20
-   waiting 500ms
-   waiting for element to be visible, enabled and editable
-   element is not enabled
- retrying fill action, attempt #21
-   waiting 500ms
-   waiting for element to be visible, enabled and editable
-   element is not enabled
- retrying fill action, attempt #22
-   waiting 500ms
-   waiting for element to be visible, enabled and editable
-   element is not enabled
- retrying fill action, attempt #23
-   waiting 500ms
-   waiting for element to be visible, enabled and editable
-   element is not enabled
- retrying fill action, attempt #24
-   waiting 500ms
-   waiting for element to be visible, enabled and editable
-   element is not enabled
- retrying fill action, attempt #25
-   waiting 500ms
-   waiting for element to be visible, enabled and editable
-   element is not enabled
- retrying fill action, attempt #26
-   waiting 500ms
-   waiting for element to be visible, enabled and editable
-   element is not enabled
- retrying fill action, attempt #27
-   waiting 500ms
-   waiting for element to be visible, enabled and editable
-   element is not enabled
- retrying fill action, attempt #28
-   waiting 500ms
-   waiting for element to be visible, enabled and editable
-   element is not enabled
- retrying fill action, attempt #29
-   waiting 500ms
-   waiting for element to be visible, enabled and editable
-   element is not enabled
- retrying fill action, attempt #30
-   waiting 500ms
-   waiting for element to be visible, enabled and editable
-   element is not enabled
- retrying fill action, attempt #31
-   waiting 500ms
-   waiting for element to be visible, enabled and editable
-   element is not enabled
- retrying fill action, attempt #32
-   waiting 500ms
-   waiting for element to be visible, enabled and editable
-   element is not enabled
- retrying fill action, attempt #33
-   waiting 500ms
-   waiting for element to be visible, enabled and editable
-   element is not enabled
- retrying fill action, attempt #34
-   waiting 500ms
-   waiting for element to be visible, enabled and editable
-   element is not enabled
- retrying fill action, attempt #35
-   waiting 500ms
-   waiting for element to be visible, enabled and editable
-   element is not enabled
- retrying fill action, attempt #36
-   waiting 500ms
-   waiting for element to be visible, enabled and editable
-   element is not enabled
- retrying fill action, attempt #37
-   waiting 500ms
-   waiting for element to be visible, enabled and editable
-   element is not enabled
- retrying fill action, attempt #38
-   waiting 500ms
-   waiting for element to be visible, enabled and editable
-   element is not enabled
- retrying fill action, attempt #39
-   waiting 500ms
-   waiting for element to be visible, enabled and editable
-   element is not enabled
- retrying fill action, attempt #40
-   waiting 500ms
-   waiting for element to be visible, enabled and editable
-   element is not enabled
- retrying fill action, attempt #41
-   waiting 500ms
-   waiting for element to be visible, enabled and editable
-   element is not enabled
- retrying fill action, attempt #42
-   waiting 500ms
-   waiting for element to be visible, enabled and editable
-   element is not enabled
- retrying fill action, attempt #43
-   waiting 500ms
-   waiting for element to be visible, enabled and editable
-   element is not enabled
- retrying fill action, attempt #44
-   waiting 500ms
-   waiting for element to be visible, enabled and editable
-   element is not enabled
- retrying fill action, attempt #45
-   waiting 500ms
-   waiting for element to be visible, enabled and editable
-   element is not enabled
- retrying fill action, attempt #46
-   waiting 500ms
-   waiting for element to be visible, enabled and editable
-   element is not enabled
- retrying fill action, attempt #47
-   waiting 500ms
-   waiting for element to be visible, enabled and editable
-   element is not enabled
- retrying fill action, attempt #48
-   waiting 500ms
-   waiting for element to be visible, enabled and editable
-   element is not enabled
- retrying fill action, attempt #49
-   waiting 500ms
-   waiting for element to be visible, enabled and editable
-   element is not enabled
- retrying fill action, attempt #50
-   waiting 500ms
-   waiting for element to be visible, enabled and editable
-   element is not enabled
- retrying fill action, attempt #51
-   waiting 500ms
-   waiting for element to be visible, enabled and editable
-   element is not enabled
- retrying fill action, attempt #52
-   waiting 500ms
-   waiting for element to be visible, enabled and editable
-   element is not enabled
- retrying fill action, attempt #53
-   waiting 500ms
-   waiting for element to be visible, enabled and editable
-   element is not enabled
- retrying fill action, attempt #54
-   waiting 500ms
-   waiting for element to be visible, enabled and editable
-   element is not enabled
- retrying fill action, attempt #55
-   waiting 500ms
-   waiting for element to be visible, enabled and editable
-   element is not enabled
- retrying fill action, attempt #56
-   waiting 500ms
-   waiting for element to be visible, enabled and editable
-   element is not enabled
- retrying fill action, attempt #57
-   waiting 500ms
-   waiting for element to be visible, enabled and editable
-   element is not enabled
- retrying fill action, attempt #58
-   waiting 500ms
-   waiting for element to be visible, enabled and editable
-   element is not enabled
- retrying fill action, attempt #59
-   waiting 500ms
-   waiting for element to be visible, enabled and editable
-   element is not enabled
- retrying fill action, attempt #60
-   waiting 500ms
-   waiting for element to be visible, enabled and editable
-   element is not enabled
- retrying fill action, attempt #61
-   waiting 500ms
-   waiting for element to be visible, enabled and editable
-   element is not enabled
- retrying fill action, attempt #62
-   waiting 500ms

	at com.microsoft.playwright.impl.WaitableResult.get(WaitableResult.java:52)
	at com.microsoft.playwright.impl.ChannelOwner.runUntil(ChannelOwner.java:120)
	at com.microsoft.playwright.impl.Connection.sendMessage(Connection.java:130)
	at com.microsoft.playwright.impl.ChannelOwner.sendMessage(ChannelOwner.java:106)
	at com.microsoft.playwright.impl.FrameImpl.fillImpl(FrameImpl.java:335)
	at com.microsoft.playwright.impl.FrameImpl.lambda$fill$14(FrameImpl.java:325)
	at com.microsoft.playwright.impl.LoggingSupport.lambda$withLogging$0(LoggingSupport.java:36)
	at com.microsoft.playwright.impl.LoggingSupport.withLogging(LoggingSupport.java:47)
	at com.microsoft.playwright.impl.ChannelOwner.withLogging(ChannelOwner.java:89)
	at com.microsoft.playwright.impl.LoggingSupport.withLogging(LoggingSupport.java:35)
	at com.microsoft.playwright.impl.FrameImpl.fill(FrameImpl.java:325)
	at com.microsoft.playwright.impl.LocatorImpl.fill(LocatorImpl.java:235)
	at com.microsoft.playwright.Locator.fill(Locator.java:3054)
	at pages.ProfilePage.enterEmail(ProfilePage.java:54)
	at tests.ProfileTest.test_ed_018_verify_email_field_accepts_format(ProfileTest.java:222)
	at java.base/jdk.internal.reflect.DirectMethodHandleAccessor.invoke(DirectMethodHandleAccessor.java:103)
	at java.base/java.lang.reflect.Method.invoke(Method.java:580)
	at org.junit.platform.commons.util.ReflectionUtils.invokeMethod(ReflectionUtils.java:728)
	at org.junit.jupiter.engine.execution.MethodInvocation.proceed(MethodInvocation.java:60)
	at org.junit.jupiter.engine.execution.InvocationInterceptorChain$ValidatingInvocation.proceed(InvocationInterceptorChain.java:131)
	at org.junit.jupiter.engine.extension.TimeoutExtension.intercept(TimeoutExtension.java:156)
	at org.junit.jupiter.engine.extension.TimeoutExtension.interceptTestableMethod(TimeoutExtension.java:147)
	at org.junit.jupiter.engine.extension.TimeoutExtension.interceptTestMethod(TimeoutExtension.java:86)
	at org.junit.jupiter.engine.execution.InterceptingExecutableInvoker$ReflectiveInterceptorCall.lambda$ofVoidMethod$0(InterceptingExecutableInvoker.java:103)
	at org.junit.jupiter.engine.execution.InterceptingExecutableInvoker.lambda$invoke$0(InterceptingExecutableInvoker.java:93)
	at org.junit.jupiter.engine.execution.InvocationInterceptorChain$InterceptedInvocation.proceed(InvocationInterceptorChain.java:106)
	at org.junit.jupiter.engine.execution.InvocationInterceptorChain.proceed(InvocationInterceptorChain.java:64)
	at org.junit.jupiter.engine.execution.InvocationInterceptorChain.chainAndInvoke(InvocationInterceptorChain.java:45)
	at org.junit.jupiter.engine.execution.InvocationInterceptorChain.invoke(InvocationInterceptorChain.java:37)
	at org.junit.jupiter.engine.execution.InterceptingExecutableInvoker.invoke(InterceptingExecutableInvoker.java:92)
	at org.junit.jupiter.engine.execution.InterceptingExecutableInvoker.invoke(InterceptingExecutableInvoker.java:86)
	at org.junit.jupiter.engine.descriptor.TestMethodTestDescriptor.lambda$invokeTestMethod$7(TestMethodTestDescriptor.java:218)
	at org.junit.platform.engine.support.hierarchical.ThrowableCollector.execute(ThrowableCollector.java:73)
	at org.junit.jupiter.engine.descriptor.TestMethodTestDescriptor.invokeTestMethod(TestMethodTestDescriptor.java:214)
	at org.junit.jupiter.engine.descriptor.TestMethodTestDescriptor.execute(TestMethodTestDescriptor.java:139)
	at org.junit.jupiter.engine.descriptor.TestMethodTestDescriptor.execute(TestMethodTestDescriptor.java:69)
	at org.junit.platform.engine.support.hierarchical.NodeTestTask.lambda$executeRecursively$6(NodeTestTask.java:151)
	at org.junit.platform.engine.support.hierarchical.ThrowableCollector.execute(ThrowableCollector.java:73)
	at org.junit.platform.engine.support.hierarchical.NodeTestTask.lambda$executeRecursively$8(NodeTestTask.java:141)
	at org.junit.platform.engine.support.hierarchical.Node.around(Node.java:137)
	at org.junit.platform.engine.support.hierarchical.NodeTestTask.lambda$executeRecursively$9(NodeTestTask.java:139)
	at org.junit.platform.engine.support.hierarchical.ThrowableCollector.execute(ThrowableCollector.java:73)
	at org.junit.platform.engine.support.hierarchical.NodeTestTask.executeRecursively(NodeTestTask.java:138)
	at org.junit.platform.engine.support.hierarchical.NodeTestTask.execute(NodeTestTask.java:95)
	at java.base/java.util.ArrayList.forEach(ArrayList.java:1597)
	at org.junit.platform.engine.support.hierarchical.SameThreadHierarchicalTestExecutorService.invokeAll(SameThreadHierarchicalTestExecutorService.java:41)
	at org.junit.platform.engine.support.hierarchical.NodeTestTask.lambda$executeRecursively$6(NodeTestTask.java:155)
	at org.junit.platform.engine.support.hierarchical.ThrowableCollector.execute(ThrowableCollector.java:73)
	at org.junit.platform.engine.support.hierarchical.NodeTestTask.lambda$executeRecursively$8(NodeTestTask.java:141)
	at org.junit.platform.engine.support.hierarchical.Node.around(Node.java:137)
	at org.junit.platform.engine.support.hierarchical.NodeTestTask.lambda$executeRecursively$9(NodeTestTask.java:139)
	at org.junit.platform.engine.support.hierarchical.ThrowableCollector.execute(ThrowableCollector.java:73)
	at org.junit.platform.engine.support.hierarchical.NodeTestTask.executeRecursively(NodeTestTask.java:138)
	at org.junit.platform.engine.support.hierarchical.NodeTestTask.execute(NodeTestTask.java:95)
	at java.base/java.util.ArrayList.forEach(ArrayList.java:1597)
	at org.junit.platform.engine.support.hierarchical.SameThreadHierarchicalTestExecutorService.invokeAll(SameThreadHierarchicalTestExecutorService.java:41)
	at org.junit.platform.engine.support.hierarchical.NodeTestTask.lambda$executeRecursively$6(NodeTestTask.java:155)
	at org.junit.platform.engine.support.hierarchical.ThrowableCollector.execute(ThrowableCollector.java:73)
	at org.junit.platform.engine.support.hierarchical.NodeTestTask.lambda$executeRecursively$8(NodeTestTask.java:141)
	at org.junit.platform.engine.support.hierarchical.Node.around(Node.java:137)
	at org.junit.platform.engine.support.hierarchical.NodeTestTask.lambda$executeRecursively$9(NodeTestTask.java:139)
	at org.junit.platform.engine.support.hierarchical.ThrowableCollector.execute(ThrowableCollector.java:73)
	at org.junit.platform.engine.support.hierarchical.NodeTestTask.executeRecursively(NodeTestTask.java:138)
	at org.junit.platform.engine.support.hierarchical.NodeTestTask.execute(NodeTestTask.java:95)
	at org.junit.platform.engine.support.hierarchical.SameThreadHierarchicalTestExecutorService.submit(SameThreadHierarchicalTestExecutorService.java:35)
	at org.junit.platform.engine.support.hierarchical.HierarchicalTestExecutor.execute(HierarchicalTestExecutor.java:57)
	at org.junit.platform.engine.support.hierarchical.HierarchicalTestEngine.execute(HierarchicalTestEngine.java:54)
	at org.junit.platform.launcher.core.EngineExecutionOrchestrator.execute(EngineExecutionOrchestrator.java:147)
	at org.junit.platform.launcher.core.EngineExecutionOrchestrator.execute(EngineExecutionOrchestrator.java:127)
	at org.junit.platform.launcher.core.EngineExecutionOrchestrator.execute(EngineExecutionOrchestrator.java:90)
	at org.junit.platform.launcher.core.EngineExecutionOrchestrator.lambda$execute$0(EngineExecutionOrchestrator.java:55)
	at org.junit.platform.launcher.core.EngineExecutionOrchestrator.withInterceptedStreams(EngineExecutionOrchestrator.java:102)
	at org.junit.platform.launcher.core.EngineExecutionOrchestrator.execute(EngineExecutionOrchestrator.java:54)
	at org.junit.platform.launcher.core.DefaultLauncher.execute(DefaultLauncher.java:114)
	at org.junit.platform.launcher.core.DefaultLauncher.execute(DefaultLauncher.java:86)
	at org.junit.platform.launcher.core.DefaultLauncherSession$DelegatingLauncher.execute(DefaultLauncherSession.java:86)
	at org.apache.maven.surefire.junitplatform.LazyLauncher.execute(LazyLauncher.java:56)
	at org.apache.maven.surefire.junitplatform.JUnitPlatformProvider.execute(JUnitPlatformProvider.java:184)
	at org.apache.maven.surefire.junitplatform.JUnitPlatformProvider.invokeAllTests(JUnitPlatformProvider.java:148)
	at org.apache.maven.surefire.junitplatform.JUnitPlatformProvider.invoke(JUnitPlatformProvider.java:122)
	at org.apache.maven.surefire.booter.ForkedBooter.runSuitesInProcess(ForkedBooter.java:385)
	at org.apache.maven.surefire.booter.ForkedBooter.execute(ForkedBooter.java:162)
	at org.apache.maven.surefire.booter.ForkedBooter.run(ForkedBooter.java:507)
	at org.apache.maven.surefire.booter.ForkedBooter.main(ForkedBooter.java:495)
Caused by: com.microsoft.playwright.TimeoutError: Error {
  message='Timeout 30000ms exceeded.
  name='TimeoutError
  stack='TimeoutError: Timeout 30000ms exceeded.
    at ProgressController.run (C:\Users\Thyaa\AppData\Local\Temp\playwright-java-13727974661427854983\package\lib\server\progress.js:78:26)
    at Frame.fill (C:\Users\Thyaa\AppData\Local\Temp\playwright-java-13727974661427854983\package\lib\server\frames.js:1052:23)
    at FrameDispatcher.fill (C:\Users\Thyaa\AppData\Local\Temp\playwright-java-13727974661427854983\package\lib\server\dispatchers\frameDispatcher.js:170:30)
    at FrameDispatcher._handleCommand (C:\Users\Thyaa\AppData\Local\Temp\playwright-java-13727974661427854983\package\lib\server\dispatchers\dispatcher.js:94:40)
    at DispatcherConnection.dispatch (C:\Users\Thyaa\AppData\Local\Temp\playwright-java-13727974661427854983\package\lib\server\dispatchers\dispatcher.js:361:39)
}
Call log:
- waiting for locator("//input[@id='email']")
-   locator resolved to <input disabled id="email" name="email" type="email" ar…/>
-   fill("test.user.123@example.co.uk")
- attempting fill action
-   waiting for element to be visible, enabled and editable
-   element is not enabled
- retrying fill action, attempt #1
-   waiting for element to be visible, enabled and editable
-   element is not enabled
- retrying fill action, attempt #2
-   waiting 20ms
-   waiting for element to be visible, enabled and editable
-   element is not enabled
- retrying fill action, attempt #3
-   waiting 100ms
-   waiting for element to be visible, enabled and editable
-   element is not enabled
- retrying fill action, attempt #4
-   waiting 100ms
-   waiting for element to be visible, enabled and editable
-   element is not enabled
- retrying fill action, attempt #5
-   waiting 500ms
-   waiting for element to be visible, enabled and editable
-   element is not enabled
- retrying fill action, attempt #6
-   waiting 500ms
-   waiting for element to be visible, enabled and editable
-   element is not enabled
- retrying fill action, attempt #7
-   waiting 500ms
-   waiting for element to be visible, enabled and editable
-   element is not enabled
- retrying fill action, attempt #8
-   waiting 500ms
-   waiting for element to be visible, enabled and editable
-   element is not enabled
- retrying fill action, attempt #9
-   waiting 500ms
-   waiting for element to be visible, enabled and editable
-   element is not enabled
- retrying fill action, attempt #10
-   waiting 500ms
-   waiting for element to be visible, enabled and editable
-   element is not enabled
- retrying fill action, attempt #11
-   waiting 500ms
-   waiting for element to be visible, enabled and editable
-   element is not enabled
- retrying fill action, attempt #12
-   waiting 500ms
-   waiting for element to be visible, enabled and editable
-   element is not enabled
- retrying fill action, attempt #13
-   waiting 500ms
-   waiting for element to be visible, enabled and editable
-   element is not enabled
- retrying fill action, attempt #14
-   waiting 500ms
-   waiting for element to be visible, enabled and editable
-   element is not enabled
- retrying fill action, attempt #15
-   waiting 500ms
-   waiting for element to be visible, enabled and editable
-   element is not enabled
- retrying fill action, attempt #16
-   waiting 500ms
-   waiting for element to be visible, enabled and editable
-   element is not enabled
- retrying fill action, attempt #17
-   waiting 500ms
-   waiting for element to be visible, enabled and editable
-   element is not enabled
- retrying fill action, attempt #18
-   waiting 500ms
-   waiting for element to be visible, enabled and editable
-   element is not enabled
- retrying fill action, attempt #19
-   waiting 500ms
-   waiting for element to be visible, enabled and editable
-   element is not enabled
- retrying fill action, attempt #20
-   waiting 500ms
-   waiting for element to be visible, enabled and editable
-   element is not enabled
- retrying fill action, attempt #21
-   waiting 500ms
-   waiting for element to be visible, enabled and editable
-   element is not enabled
- retrying fill action, attempt #22
-   waiting 500ms
-   waiting for element to be visible, enabled and editable
-   element is not enabled
- retrying fill action, attempt #23
-   waiting 500ms
-   waiting for element to be visible, enabled and editable
-   element is not enabled
- retrying fill action, attempt #24
-   waiting 500ms
-   waiting for element to be visible, enabled and editable
-   element is not enabled
- retrying fill action, attempt #25
-   waiting 500ms
-   waiting for element to be visible, enabled and editable
-   element is not enabled
- retrying fill action, attempt #26
-   waiting 500ms
-   waiting for element to be visible, enabled and editable
-   element is not enabled
- retrying fill action, attempt #27
-   waiting 500ms
-   waiting for element to be visible, enabled and editable
-   element is not enabled
- retrying fill action, attempt #28
-   waiting 500ms
-   waiting for element to be visible, enabled and editable
-   element is not enabled
- retrying fill action, attempt #29
-   waiting 500ms
-   waiting for element to be visible, enabled and editable
-   element is not enabled
- retrying fill action, attempt #30
-   waiting 500ms
-   waiting for element to be visible, enabled and editable
-   element is not enabled
- retrying fill action, attempt #31
-   waiting 500ms
-   waiting for element to be visible, enabled and editable
-   element is not enabled
- retrying fill action, attempt #32
-   waiting 500ms
-   waiting for element to be visible, enabled and editable
-   element is not enabled
- retrying fill action, attempt #33
-   waiting 500ms
-   waiting for element to be visible, enabled and editable
-   element is not enabled
- retrying fill action, attempt #34
-   waiting 500ms
-   waiting for element to be visible, enabled and editable
-   element is not enabled
- retrying fill action, attempt #35
-   waiting 500ms
-   waiting for element to be visible, enabled and editable
-   element is not enabled
- retrying fill action, attempt #36
-   waiting 500ms
-   waiting for element to be visible, enabled and editable
-   element is not enabled
- retrying fill action, attempt #37
-   waiting 500ms
-   waiting for element to be visible, enabled and editable
-   element is not enabled
- retrying fill action, attempt #38
-   waiting 500ms
-   waiting for element to be visible, enabled and editable
-   element is not enabled
- retrying fill action, attempt #39
-   waiting 500ms
-   waiting for element to be visible, enabled and editable
-   element is not enabled
- retrying fill action, attempt #40
-   waiting 500ms
-   waiting for element to be visible, enabled and editable
-   element is not enabled
- retrying fill action, attempt #41
-   waiting 500ms
-   waiting for element to be visible, enabled and editable
-   element is not enabled
- retrying fill action, attempt #42
-   waiting 500ms
-   waiting for element to be visible, enabled and editable
-   element is not enabled
- retrying fill action, attempt #43
-   waiting 500ms
-   waiting for element to be visible, enabled and editable
-   element is not enabled
- retrying fill action, attempt #44
-   waiting 500ms
-   waiting for element to be visible, enabled and editable
-   element is not enabled
- retrying fill action, attempt #45
-   waiting 500ms
-   waiting for element to be visible, enabled and editable
-   element is not enabled
- retrying fill action, attempt #46
-   waiting 500ms
-   waiting for element to be visible, enabled and editable
-   element is not enabled
- retrying fill action, attempt #47
-   waiting 500ms
-   waiting for element to be visible, enabled and editable
-   element is not enabled
- retrying fill action, attempt #48
-   waiting 500ms
-   waiting for element to be visible, enabled and editable
-   element is not enabled
- retrying fill action, attempt #49
-   waiting 500ms
-   waiting for element to be visible, enabled and editable
-   element is not enabled
- retrying fill action, attempt #50
-   waiting 500ms
-   waiting for element to be visible, enabled and editable
-   element is not enabled
- retrying fill action, attempt #51
-   waiting 500ms
-   waiting for element to be visible, enabled and editable
-   element is not enabled
- retrying fill action, attempt #52
-   waiting 500ms
-   waiting for element to be visible, enabled and editable
-   element is not enabled
- retrying fill action, attempt #53
-   waiting 500ms
-   waiting for element to be visible, enabled and editable
-   element is not enabled
- retrying fill action, attempt #54
-   waiting 500ms
-   waiting for element to be visible, enabled and editable
-   element is not enabled
- retrying fill action, attempt #55
-   waiting 500ms
-   waiting for element to be visible, enabled and editable
-   element is not enabled
- retrying fill action, attempt #56
-   waiting 500ms
-   waiting for element to be visible, enabled and editable
-   element is not enabled
- retrying fill action, attempt #57
-   waiting 500ms
-   waiting for element to be visible, enabled and editable
-   element is not enabled
- retrying fill action, attempt #58
-   waiting 500ms
-   waiting for element to be visible, enabled and editable
-   element is not enabled
- retrying fill action, attempt #59
-   waiting 500ms
-   waiting for element to be visible, enabled and editable
-   element is not enabled
- retrying fill action, attempt #60
-   waiting 500ms
-   waiting for element to be visible, enabled and editable
-   element is not enabled
- retrying fill action, attempt #61
-   waiting 500ms
-   waiting for element to be visible, enabled and editable
-   element is not enabled
- retrying fill action, attempt #62
-   waiting 500ms

	at com.microsoft.playwright.impl.Connection.dispatch(Connection.java:254)
	at com.microsoft.playwright.impl.Connection.processOneMessage(Connection.java:211)
	at com.microsoft.playwright.impl.ChannelOwner.runUntil(ChannelOwner.java:118)
	... 82 more

